module.js:549
    throw err;
    ^

Error: Cannot find module 'express'
    at Function.Module._resolveFilename (module.js:547:15)
    at Function.Module._load (module.js:474:25)
    at Module.require (module.js:596:17)
    at require (internal/module.js:11:18)
    at Object.<anonymous> (/home/aqua/aquapredict/aquapro/server.js:1:79)
    at Module._compile (module.js:652:30)
    at Object.Module._extensions..js (module.js:663:10)
    at Module.load (module.js:565:32)
    at tryModuleLoad (module.js:505:12)
    at Function.Module._load (module.js:497:3)
node:internal/modules/cjs/loader:1031
  throw err;
  ^

Error: Cannot find module '../controllers/sensorController'
Require stack:
- /home/aqua/aquapredict/aquapro/routes/sensor.js
- /home/aqua/aquapredict/aquapro/server.js
    at Function.Module._resolveFilename (node:internal/modules/cjs/loader:1028:15)
    at Function.Module._load (node:internal/modules/cjs/loader:873:27)
    at Module.require (node:internal/modules/cjs/loader:1100:19)
    at require (node:internal/modules/cjs/helpers:119:18)
    at Object.<anonymous> (/home/aqua/aquapredict/aquapro/routes/sensor.js:21:5)
    at Module._compile (node:internal/modules/cjs/loader:1198:14)
    at Object.Module._extensions..js (node:internal/modules/cjs/loader:1252:10)
    at Module.load (node:internal/modules/cjs/loader:1076:32)
    at Function.Module._load (node:internal/modules/cjs/loader:911:12)
    at Module.require (node:internal/modules/cjs/loader:1100:19) {
  code: 'MODULE_NOT_FOUND',
  requireStack: [
    '/home/aqua/aquapredict/aquapro/routes/sensor.js',
    '/home/aqua/aquapredict/aquapro/server.js'
  ]
}
